<?xml version="1.0" encoding="UTF-8"?>
<!-- Generated by org.testng.reporters.JUnitXMLReporter -->
<testsuite ignored="0" hostname="DESKTOP-F9OTQNE" failures="0" tests="3" name="Default test" time="67.303" errors="0" timestamp="2026-03-09T15:42:59 IST">
  <testcase classname="tests.LoginTest" name="testValidLogin" time="1.259"/>
  <testcase classname="tests.LoginTest" name="testValidLogin" time="0.853"/>
  <testcase classname="tests.LoginTest" name="testValidLogin" time="46.2"/>
</testsuite> <!-- Default test -->
