<?xml version="1.0" encoding="UTF-8"?>
<testng-results ignored="0" total="1" passed="1" failed="0" skipped="0">
  <reporter-output>
  </reporter-output>
  <suite started-at="2026-03-07T15:21:15 IST" name="Suite" finished-at="2026-03-07T15:21:19 IST" duration-ms="4281">
    <groups>
    </groups>
    <test started-at="2026-03-07T15:21:15 IST" name="Test" finished-at="2026-03-07T15:21:19 IST" duration-ms="4281">
      <class name="tests.LoginTest">
        <test-method is-config="true" signature="setup()[pri:0, instance:tests.LoginTest@22555ebf]" started-at="2026-03-07T15:21:15 IST" name="setup" finished-at="2026-03-07T15:21:18 IST" duration-ms="2971" status="PASS">
          <reporter-output>
          </reporter-output>
        </test-method> <!-- setup -->
        <test-method signature="testValidLogin()[pri:0, instance:tests.LoginTest@22555ebf]" started-at="2026-03-07T15:21:18 IST" name="testValidLogin" finished-at="2026-03-07T15:21:19 IST" duration-ms="823" status="PASS">
          <reporter-output>
          </reporter-output>
        </test-method> <!-- testValidLogin -->
        <test-method is-config="true" signature="tearDown()[pri:0, instance:tests.LoginTest@22555ebf]" started-at="2026-03-07T15:21:19 IST" name="tearDown" finished-at="2026-03-07T15:21:19 IST" duration-ms="416" status="PASS">
          <reporter-output>
          </reporter-output>
        </test-method> <!-- tearDown -->
      </class> <!-- tests.LoginTest -->
    </test> <!-- Test -->
  </suite> <!-- Suite -->
</testng-results>
