<?xml version="1.0" encoding="UTF-8"?>
<!-- Generated by org.testng.reporters.JUnitReportReporter -->
<testsuite hostname="DESKTOP-F9OTQNE" failures="0" tests="3" name="tests.LoginTest" time="65.272" errors="0" timestamp="2026-03-09T15:43:05 IST" skipped="0">
  <testcase classname="tests.LoginTest" name="testValidLogin" time="7.304"/>
  <testcase classname="tests.LoginTest" name="testValidLogin" time="4.891"/>
  <testcase classname="tests.LoginTest" name="testValidLogin" time="53.077"/>
</testsuite> <!-- tests.LoginTest -->
